00:00:00.000969 main     VirtualBox XPCOM Server 6.1.36 r152435 linux.amd64 (Jul 21 2022 10:08:57) release log
00:00:00.000971 main     Log opened 2022-08-16T16:26:14.138709000Z
00:00:00.000972 main     Build Type: release
00:00:00.000975 main     OS Product: Linux
00:00:00.000976 main     OS Release: 5.19.1-arch2-1
00:00:00.000978 main     OS Version: #1 SMP PREEMPT_DYNAMIC Thu, 11 Aug 2022 16:06:13 +0000
00:00:00.000999 main     DMI Product Name: Z370M AORUS Gaming
00:00:00.001010 main     DMI Product Version: Default string
00:00:00.001015 main     Firmware type: UEFI
00:00:00.001807 main     Secure Boot: Disabled
00:00:00.001852 main     Host RAM: 32055MB (31.3GB) total, 28581MB (27.9GB) available
00:00:00.001855 main     Executable: /usr/lib/virtualbox/VBoxSVC
00:00:00.001855 main     Process ID: 9539
00:00:00.001856 main     Package type: LINUX_64BITS_GENERIC (OSE)
00:00:00.003706 main     IPC socket path: /tmp/.vbox-max-ipc/ipcd
00:00:00.113412 nspr-2   VirtualBox: object creation starts
00:00:00.113586 nspr-2   Home directory: '/home/max/.config/VirtualBox'
00:00:00.114020 nspr-2   Loading settings file "/home/max/.config/VirtualBox/VirtualBox.xml" with version "1.12-linux"
00:00:00.155759 nspr-2   NetIfAdpCtlOut: VBoxNetAdpCtl: Error while retrieving link status for wlp0s20f0u8: VBoxNetAdpCtl: ioctl failed: Operation not supported
00:00:00.158930 nspr-2   HostDnsMonitor: initializing
00:00:00.159633 nspr-2   NAT: resolv.conf: nameserver 192.168.1.254
00:00:00.159669 nspr-2   NAT: resolv.conf: FIXME: ignoring IPv6 zone %wlp0s20f0u8
00:00:00.159679 nspr-2   NAT: resolv.conf: nameserver fe80::1
00:00:00.159707 nspr-2   HostDnsMonitor: updating information
00:00:00.159743 nspr-2   HostDnsMonitor: old information
00:00:00.159753 nspr-2     no server entries
00:00:00.159762 nspr-2     no domain set
00:00:00.159770 nspr-2     no search string entries
00:00:00.159779 nspr-2   HostDnsMonitor: new information
00:00:00.159788 nspr-2     server 1: 192.168.1.254
00:00:00.159797 nspr-2     server 2: fe80::1%wlp0s20f0u8
00:00:00.159806 nspr-2     no domain set
00:00:00.159815 nspr-2     no search string entries
00:00:00.168531 nspr-2   VD: VDInit finished with VINF_SUCCESS
00:00:00.169229 nspr-2   ERROR [COM]: aRC=NS_ERROR_FAILURE (0x80004005) aIID={027bc463-929c-40e8-bf16-fea557cd8e7e} aComponent={SystemPropertiesWrap} aText={Cannot determine default Guest Additions ISO location. Most likely they are not available}, preserve=false aResultDetail=0
00:00:00.188071 nspr-2   Loading settings file "/home/max/External/StrikerEureka/VirtualBox VMs/Kali/Kali.vbox" with version "1.16-linux"
00:00:00.190768 nspr-2   VirtualBox: object created
00:00:59.126174 nspr-4   Saving settings file "/home/max/.config/VirtualBox/VirtualBox.xml" with version "1.12-linux"
00:01:47.399945 main     VirtualBox: object deletion starts
00:01:47.400056 main     ERROR [COM]: aRC=VBOX_E_OBJECT_IN_USE (0x80bb000c) aIID={ad47ad09-787b-44ab-b343-a082a3f2dfb1} aComponent={MediumWrap} aText={Medium '/home/max/External/StrikerEureka/VirtualBox VMs/Kali/Kali.vdi' cannot be closed because it is still attached to 1 virtual machines}, preserve=false aResultDetail=0
00:01:47.401720 main     HostDnsMonitor: shutting down ...
00:01:47.402171 main     HostDnsMonitor: shut down
00:01:47.717223 Watcher  ERROR [COM]: aRC=E_ACCESSDENIED (0x80070005) aIID={d0a0163f-e254-4e5b-a1f2-011cf991c38d} aComponent={VirtualBoxWrap} aText={The object is not ready}, preserve=false aResultDetail=0
00:01:52.402346 main     {00007fec30017160} HostPowerServiceLinux::~HostPowerServiceLinux: RTThreadWait() for 5000 ms failed with VERR_TIMEOUT
00:01:52.402951 main     VirtualBox: object deleted
